Unity Editor version:    2022.3.27f1 (73effa14754f)
Branch:                  2022.3/staging
Build type:              Release
Batch mode:              YES
macOS version:           Version 14.4.1 (Build 23E224)
Darwin version:          23.4.0
Architecture:            arm64
Running under Rosetta:   NO
Available memory:        16384 MB
Using pre-set license
Pro License: YES

COMMAND LINE ARGUMENTS:
/Applications/Unity/Hub/Editor/2022.3.27f1/Unity.app/Contents/MacOS/Unity
-adb2
-batchMode
-noUpm
-name
AssetImportWorker1
-projectPath
/Users/talgar2696/Downloads/FruitKnifeHit
-logFile
Logs/AssetImportWorker1.log
-srvPort
49490
Successfully changed project path to: /Users/talgar2696/Downloads/FruitKnifeHit
/Users/talgar2696/Downloads/FruitKnifeHit
[UnityMemory] Configuration Parameters - Can be set up in boot.config
    "memorysetup-bucket-allocator-granularity=16"
    "memorysetup-bucket-allocator-bucket-count=8"
    "memorysetup-bucket-allocator-block-size=33554432"
    "memorysetup-bucket-allocator-block-count=8"
    "memorysetup-main-allocator-block-size=16777216"
    "memorysetup-thread-allocator-block-size=16777216"
    "memorysetup-gfx-main-allocator-block-size=16777216"
    "memorysetup-gfx-thread-allocator-block-size=16777216"
    "memorysetup-cache-allocator-block-size=4194304"
    "memorysetup-typetree-allocator-block-size=2097152"
    "memorysetup-profiler-bucket-allocator-granularity=16"
    "memorysetup-profiler-bucket-allocator-bucket-count=8"
    "memorysetup-profiler-bucket-allocator-block-size=33554432"
    "memorysetup-profiler-bucket-allocator-block-count=8"
    "memorysetup-profiler-allocator-block-size=16777216"
    "memorysetup-profiler-editor-allocator-block-size=1048576"
    "memorysetup-temp-allocator-size-main=16777216"
    "memorysetup-job-temp-allocator-block-size=2097152"
    "memorysetup-job-temp-allocator-block-size-background=1048576"
    "memorysetup-job-temp-allocator-reduction-small-platforms=262144"
    "memorysetup-allocator-temp-initial-block-size-main=262144"
    "memorysetup-allocator-temp-initial-block-size-worker=262144"
    "memorysetup-temp-allocator-size-background-worker=32768"
    "memorysetup-temp-allocator-size-job-worker=262144"
    "memorysetup-temp-allocator-size-preload-manager=33554432"
    "memorysetup-temp-allocator-size-nav-mesh-worker=65536"
    "memorysetup-temp-allocator-size-audio-worker=65536"
    "memorysetup-temp-allocator-size-cloud-worker=32768"
    "memorysetup-temp-allocator-size-gi-baking-worker=262144"
    "memorysetup-temp-allocator-size-gfx=262144"
Player connection [8700492480] Host "[IP] 192.168.1.101 [Port] 0 [Flags] 2 [Guid] 2683330805 [EditorId] 2683330805 [Version] 1048832 [Id] OSXEditor(0,MacBook-Pro-Talgar.local) [Debug] 1 [PackageName] OSXEditor [ProjectName] Editor" joined multi-casting on [225.0.0.222:54997]...

Player connection [8700492480] Host "[IP] 192.168.1.101 [Port] 0 [Flags] 2 [Guid] 2683330805 [EditorId] 2683330805 [Version] 1048832 [Id] OSXEditor(0,MacBook-Pro-Talgar.local) [Debug] 1 [PackageName] OSXEditor [ProjectName] Editor" joined alternative multi-casting on [225.0.0.222:34997]...

[Physics::Module] Initialized MultithreadedJobDispatcher with 9 workers.
Refreshing native plugins compatible for Editor in 4.13 ms, found 2 plugins.
Preloading 0 native plugins for Editor in 0.00 ms.
Initialize engine version: 2022.3.27f1 (73effa14754f)
[Subsystems] Discovering subsystems at path /Applications/Unity/Hub/Editor/2022.3.27f1/Unity.app/Contents/Resources/UnitySubsystems
[Subsystems] Discovering subsystems at path /Users/talgar2696/Downloads/FruitKnifeHit/Assets
GfxDevice: creating device client; threaded=0; jobified=0
 preferred device: Apple M1 Pro (high power)
Metal devices available: 1
0: Apple M1 Pro (high power)
Using device Apple M1 Pro (high power)
Initializing Metal device caps: Apple M1 Pro
Initialize mono
Mono path[0] = '/Applications/Unity/Hub/Editor/2022.3.27f1/Unity.app/Contents/Managed'
Mono path[1] = '/Applications/Unity/Hub/Editor/2022.3.27f1/Unity.app/Contents/MonoBleedingEdge/lib/mono/unityjit-macos'
Mono config path = '/Applications/Unity/Hub/Editor/2022.3.27f1/Unity.app/Contents/MonoBleedingEdge/etc'
Using monoOptions --debugger-agent=transport=dt_socket,embedding=1,server=y,suspend=n,address=127.0.0.1:56776
Begin MonoManager ReloadAssembly
Registering precompiled unity dll's ...
Register platform support module: /Applications/Unity/Hub/Editor/2022.3.27f1/PlaybackEngines/WebGLSupport/UnityEditor.WebGL.Extensions.dll
Register platform support module: /Applications/Unity/Hub/Editor/2022.3.27f1/Unity.app/Contents/PlaybackEngines/MacStandaloneSupport/UnityEditor.OSXStandalone.Extensions.dll
Registered in 0.001281 seconds.
- Loaded All Assemblies, in  0.199 seconds
Native extension for OSXStandalone target not found
Native extension for WebGL target not found
Mono: successfully reloaded assembly
- Finished resetting the current domain, in  0.152 seconds
Domain Reload Profiling: 351ms
	BeginReloadAssembly (53ms)
		ExecutionOrderSort (0ms)
		DisableScriptedObjects (0ms)
		BackupInstance (0ms)
		ReleaseScriptingObjects (0ms)
		CreateAndSetChildDomain (0ms)
	RebuildCommonClasses (21ms)
	RebuildNativeTypeToScriptingClass (7ms)
	initialDomainReloadingComplete (29ms)
	LoadAllAssembliesAndSetupDomain (89ms)
		LoadAssemblies (53ms)
		RebuildTransferFunctionScriptingTraits (0ms)
		AnalyzeDomain (88ms)
			TypeCache.Refresh (87ms)
				TypeCache.ScanAssembly (77ms)
			ScanForSourceGeneratedMonoScriptInfo (0ms)
			ResolveRequiredComponents (0ms)
	FinalizeReload (152ms)
		ReleaseScriptCaches (0ms)
		RebuildScriptCaches (0ms)
		SetupLoadedEditorAssemblies (117ms)
			LogAssemblyErrors (0ms)
			InitializePlatformSupportModulesInManaged (5ms)
			SetLoadedEditorAssemblies (3ms)
			RefreshPlugins (0ms)
			BeforeProcessingInitializeOnLoad (1ms)
			ProcessInitializeOnLoadAttributes (82ms)
			ProcessInitializeOnLoadMethodAttributes (26ms)
			AfterProcessingInitializeOnLoad (0ms)
			EditorAssembliesLoaded (0ms)
		ExecutionOrderSort2 (0ms)
		AwakeInstancesAfterBackupRestoration (0ms)
========================================================================
Worker process is ready to serve import requests
Begin MonoManager ReloadAssembly
- Loaded All Assemblies, in  0.256 seconds
Refreshing native plugins compatible for Editor in 0.61 ms, found 2 plugins.
Native extension for OSXStandalone target not found
Native extension for WebGL target not found
Package Manager log level set to [2]
[Package Manager] Server::EnsureServerProcessIsRunning -- launch failed, reason: Unity was launched with the -noUpm command-line argument
[Package Manager] UpmClient::Send -- Unable to send message (not connected to UPM process).
[Package Manager] Cannot connect to Unity Package Manager local server
Mono: successfully reloaded assembly
- Finished resetting the current domain, in  0.303 seconds
Domain Reload Profiling: 560ms
	BeginReloadAssembly (66ms)
		ExecutionOrderSort (0ms)
		DisableScriptedObjects (3ms)
		BackupInstance (0ms)
		ReleaseScriptingObjects (0ms)
		CreateAndSetChildDomain (10ms)
	RebuildCommonClasses (20ms)
	RebuildNativeTypeToScriptingClass (7ms)
	initialDomainReloadingComplete (20ms)
	LoadAllAssembliesAndSetupDomain (143ms)
		LoadAssemblies (122ms)
		RebuildTransferFunctionScriptingTraits (0ms)
		AnalyzeDomain (54ms)
			TypeCache.Refresh (48ms)
				TypeCache.ScanAssembly (38ms)
			ScanForSourceGeneratedMonoScriptInfo (4ms)
			ResolveRequiredComponents (1ms)
	FinalizeReload (304ms)
		ReleaseScriptCaches (0ms)
		RebuildScriptCaches (0ms)
		SetupLoadedEditorAssemblies (220ms)
			LogAssemblyErrors (0ms)
			InitializePlatformSupportModulesInManaged (3ms)
			SetLoadedEditorAssemblies (2ms)
			RefreshPlugins (0ms)
			BeforeProcessingInitializeOnLoad (22ms)
			ProcessInitializeOnLoadAttributes (180ms)
			ProcessInitializeOnLoadMethodAttributes (14ms)
			AfterProcessingInitializeOnLoad (0ms)
			EditorAssembliesLoaded (0ms)
		ExecutionOrderSort2 (0ms)
		AwakeInstancesAfterBackupRestoration (2ms)
database is locked
Launching external process: /Applications/Unity/Hub/Editor/2022.3.27f1/Unity.app/Contents/Tools/UnityShaderCompiler
Launched and connected shader compiler UnityShaderCompiler after 0.03 seconds
Refreshing native plugins compatible for Editor in 0.84 ms, found 2 plugins.
Preloading 0 native plugins for Editor in 0.00 ms.
Unloading 1423 Unused Serialized files (Serialized files now loaded: 0)
Unloading 27 unused Assets / (50.8 KB). Loaded Objects now: 1893.
Memory consumption went from 87.8 MB to 87.8 MB.
Total: 2.186167 ms (FindLiveObjects: 0.060708 ms CreateObjectMapping: 0.018000 ms MarkObjects: 2.026625 ms  DeleteObjects: 0.079875 ms)

AssetImportParameters requested are different than current active one (requested -> active):
  custom:video-encoder-webm-vp8: eb34c28f22e8b96e1ab97ce403110664 -> 
  custom:video-decoder-webm-vp8: 9c59270c3fd7afecdb556c50c9e8de78 -> 
  custom:audio-decoder-ogg-vorbis: bf7c407c2cedff20999df2af8eb42d56 -> 
  custom:SearchIndexIgnoredProperties: e643bd26f0fe6173181afceb89e7c659 -> 
  custom:container-demuxer-ogg: 62fdf1f143b41e24485cea50d1cbac27 -> 
  custom:AudioImporter_EditorPlatform: 3918e3fc78b5a79bad01e8451be0beb8 -> 
  custom:CustomObjectIndexerAttribute: 9a22284fe3817be447336de3de66b15e -> 
  custom:container-demuxer-webm: 4f35f7cbe854078d1ac9338744f61a02 -> 
  custom:video-decoder-ogg-theora: a1e56fd34408186e4bbccfd4996cb3dc -> 
  custom:audio-encoder-webm-vorbis: bf7c407c2cedff20999df2af8eb42d56 -> 
  custom:framework-osx-AVFoundation: e770b220cccbd017edd2c1fefb359320 -> 
  custom:container-muxer-webm: aa71ff27fc2769a1b78a27578f13a17b -> 
========================================================================
Received Import Request.
  Time since last request: 9880.336989 seconds.
  path: Assets/Fruits Knife Hit/Demigiant
  artifactKey: Guid(888f3efe0a3014139a8241146f28844d) Importer(815301076,1909f56bfc062723c751e8b465ee728b)
Start importing Assets/Fruits Knife Hit/Demigiant using Guid(888f3efe0a3014139a8241146f28844d) Importer(815301076,1909f56bfc062723c751e8b465ee728b)  -> (artifact id: '9507f1e549136fca593ac7793d112180') in 0.001055 seconds
Number of updated asset objects reloaded before import = 0
Number of asset objects unloaded after import = 0
========================================================================
Received Import Request.
  Time since last request: 4.732394 seconds.
  path: Assets/Fruits Knife Hit/Fonts/Freakomix.ttf
  artifactKey: Guid(2f82cec5d153f4d62bd22e0381bc2052) Importer(815301076,1909f56bfc062723c751e8b465ee728b)
Start importing Assets/Fruits Knife Hit/Fonts/Freakomix.ttf using Guid(2f82cec5d153f4d62bd22e0381bc2052) Importer(815301076,1909f56bfc062723c751e8b465ee728b)  -> (artifact id: 'b1e2454f324a9746900f85eabe467acf') in 0.195029 seconds
Number of updated asset objects reloaded before import = 0
Number of asset objects unloaded after import = 4
========================================================================
Received Import Request.
  Time since last request: 0.000057 seconds.
  path: Assets/Fruits Knife Hit/Fonts/GROBOLD.ttf
  artifactKey: Guid(e82fbda5b6b70416bb9c48fd8df9a648) Importer(815301076,1909f56bfc062723c751e8b465ee728b)
Start importing Assets/Fruits Knife Hit/Fonts/GROBOLD.ttf using Guid(e82fbda5b6b70416bb9c48fd8df9a648) Importer(815301076,1909f56bfc062723c751e8b465ee728b)  -> (artifact id: '24dbbbec0cdef804b8ce791074002d4d') in 0.004763 seconds
Number of updated asset objects reloaded before import = 0
Number of asset objects unloaded after import = 4
========================================================================
Received Import Request.
  Time since last request: 8.393270 seconds.
  path: Assets/Fruits Knife Hit/Materials/New Record Particle.mat
  artifactKey: Guid(c35cd470acc7f49928e367402cf71973) Importer(815301076,1909f56bfc062723c751e8b465ee728b)
Start importing Assets/Fruits Knife Hit/Materials/New Record Particle.mat using Guid(c35cd470acc7f49928e367402cf71973) Importer(815301076,1909f56bfc062723c751e8b465ee728b)  -> (artifact id: 'd26bfc10be11d82d1d90e8e84d2f836f') in 0.060513 seconds
Number of updated asset objects reloaded before import = 0
Number of asset objects unloaded after import = 2
========================================================================
Received Import Request.
  Time since last request: 2.379167 seconds.
  path: Assets/Fruits Knife Hit/Prefabs/Blue Grapes.prefab
  artifactKey: Guid(a5919b23e8e104edc92de745a1aaef7e) Importer(815301076,1909f56bfc062723c751e8b465ee728b)
Start importing Assets/Fruits Knife Hit/Prefabs/Blue Grapes.prefab using Guid(a5919b23e8e104edc92de745a1aaef7e) Importer(815301076,1909f56bfc062723c751e8b465ee728b)  -> (artifact id: '099b934bac4df7a474a5d82b84ed8ad6') in 0.020248 seconds
Number of updated asset objects reloaded before import = 0
Number of asset objects unloaded after import = 9
========================================================================
Received Import Request.
  Time since last request: 0.000049 seconds.
  path: Assets/Fruits Knife Hit/Prefabs/Melon Cut.prefab
  artifactKey: Guid(920d4470bb3094891996a750df8209e6) Importer(815301076,1909f56bfc062723c751e8b465ee728b)
Start importing Assets/Fruits Knife Hit/Prefabs/Melon Cut.prefab using Guid(920d4470bb3094891996a750df8209e6) Importer(815301076,1909f56bfc062723c751e8b465ee728b)  -> (artifact id: '04eac8baeb1c9a7ff896afbd295e6a33') in 0.003500 seconds
Number of updated asset objects reloaded before import = 0
Number of asset objects unloaded after import = 12
========================================================================
Received Import Request.
  Time since last request: 0.000040 seconds.
  path: Assets/Fruits Knife Hit/Prefabs/Pineapple Long.prefab
  artifactKey: Guid(74eb7eb6f6eb145de940358d5db2df80) Importer(815301076,1909f56bfc062723c751e8b465ee728b)
Start importing Assets/Fruits Knife Hit/Prefabs/Pineapple Long.prefab using Guid(74eb7eb6f6eb145de940358d5db2df80) Importer(815301076,1909f56bfc062723c751e8b465ee728b)  -> (artifact id: '8ca94e1c975d9cc683e8dc9639c36101') in 0.003301 seconds
Number of updated asset objects reloaded before import = 0
Number of asset objects unloaded after import = 9
========================================================================
Received Import Request.
  Time since last request: 0.000050 seconds.
  path: Assets/Fruits Knife Hit/Prefabs/pineapple Small.prefab
  artifactKey: Guid(1febd2462922a4db5b6a5639793307ff) Importer(815301076,1909f56bfc062723c751e8b465ee728b)
Start importing Assets/Fruits Knife Hit/Prefabs/pineapple Small.prefab using Guid(1febd2462922a4db5b6a5639793307ff) Importer(815301076,1909f56bfc062723c751e8b465ee728b)  -> (artifact id: 'b662f063d5e2c45c6927a06dd31c1321') in 0.003537 seconds
Number of updated asset objects reloaded before import = 0
Number of asset objects unloaded after import = 9
========================================================================
Received Import Request.
  Time since last request: 0.000055 seconds.
  path: Assets/Fruits Knife Hit/Prefabs/Orange Half.prefab
  artifactKey: Guid(efded1f040d894abeb023f25969a01c8) Importer(815301076,1909f56bfc062723c751e8b465ee728b)
Start importing Assets/Fruits Knife Hit/Prefabs/Orange Half.prefab using Guid(efded1f040d894abeb023f25969a01c8) Importer(815301076,1909f56bfc062723c751e8b465ee728b)  -> (artifact id: 'cafb701e7b235aea36faf16b54a611ea') in 0.003503 seconds
Number of updated asset objects reloaded before import = 0
Number of asset objects unloaded after import = 9
========================================================================
Received Import Request.
  Time since last request: 0.000059 seconds.
  path: Assets/Fruits Knife Hit/Prefabs/Donut.prefab
  artifactKey: Guid(c0af12b0698ce4d46b873e06a9096c4a) Importer(815301076,1909f56bfc062723c751e8b465ee728b)
Start importing Assets/Fruits Knife Hit/Prefabs/Donut.prefab using Guid(c0af12b0698ce4d46b873e06a9096c4a) Importer(815301076,1909f56bfc062723c751e8b465ee728b)  -> (artifact id: 'd9011512580fa67e229aa771c3a6a9f2') in 0.003357 seconds
Number of updated asset objects reloaded before import = 0
Number of asset objects unloaded after import = 9
========================================================================
Received Import Request.
  Time since last request: 316.750601 seconds.
  path: Assets/Fruits Knife Hit/Artworks/Background evening night.png
  artifactKey: Guid(46bb2f4aa9d9c486db9cba3eacbcd94b) Importer(815301076,1909f56bfc062723c751e8b465ee728b)
Start importing Assets/Fruits Knife Hit/Artworks/Background evening night.png using Guid(46bb2f4aa9d9c486db9cba3eacbcd94b) Importer(815301076,1909f56bfc062723c751e8b465ee728b)  -> (artifact id: '87a04d9d0e7f87e95e9e15c4424c83d8') in 0.019988 seconds
Number of updated asset objects reloaded before import = 0
Number of asset objects unloaded after import = 3
========================================================================
Received Import Request.
  Time since last request: 0.000094 seconds.
  path: Assets/Fruits Knife Hit/Artworks/backhome_iphone.png
  artifactKey: Guid(33f2f3a35a26c412f983586932b306a8) Importer(815301076,1909f56bfc062723c751e8b465ee728b)
Start importing Assets/Fruits Knife Hit/Artworks/backhome_iphone.png using Guid(33f2f3a35a26c412f983586932b306a8) Importer(815301076,1909f56bfc062723c751e8b465ee728b)  -> (artifact id: '11446687d4421e3b4dca35443ef7a330') in 0.007323 seconds
Number of updated asset objects reloaded before import = 0
Number of asset objects unloaded after import = 3
========================================================================
Received Import Request.
  Time since last request: 0.000049 seconds.
  path: Assets/Fruits Knife Hit/Artworks/flatDark14.png
  artifactKey: Guid(6d93bd7548d4cd04993fd937e8bf195c) Importer(815301076,1909f56bfc062723c751e8b465ee728b)
Start importing Assets/Fruits Knife Hit/Artworks/flatDark14.png using Guid(6d93bd7548d4cd04993fd937e8bf195c) Importer(815301076,1909f56bfc062723c751e8b465ee728b)  -> (artifact id: '8126ad4b0d9a97d87300096fa9d96cea') in 0.003985 seconds
Number of updated asset objects reloaded before import = 0
Number of asset objects unloaded after import = 3
========================================================================
Received Import Request.
  Time since last request: 0.000058 seconds.
  path: Assets/Fruits Knife Hit/Artworks/flatDark34.png
  artifactKey: Guid(23df3f579c85f564e825943822708bd3) Importer(815301076,1909f56bfc062723c751e8b465ee728b)
Start importing Assets/Fruits Knife Hit/Artworks/flatDark34.png using Guid(23df3f579c85f564e825943822708bd3) Importer(815301076,1909f56bfc062723c751e8b465ee728b)  -> (artifact id: '90b7769ba535c89c6f10b7f1563c2f01') in 0.003461 seconds
Number of updated asset objects reloaded before import = 0
Number of asset objects unloaded after import = 3
========================================================================
Received Import Request.
  Time since last request: 2708.716090 seconds.
  path: Packages/com.unity.ai.navigation/EditorResources/NavigationWindowIcon.png
  artifactKey: Guid(b0172c3ab97e219478711e1fbe9630f2) Importer(815301076,1909f56bfc062723c751e8b465ee728b)
Start importing Packages/com.unity.ai.navigation/EditorResources/NavigationWindowIcon.png using Guid(b0172c3ab97e219478711e1fbe9630f2) Importer(815301076,1909f56bfc062723c751e8b465ee728b)  -> (artifact id: 'c25cb84fbdd907a9e5e6a63acd7ff83a') in 0.011119 seconds
Number of updated asset objects reloaded before import = 0
Number of asset objects unloaded after import = 2
